Command line invocation:
    /Applications/Xcode.app/Contents/Developer/usr/bin/xcodebuild -project VSCodeiPadOS.xcodeproj -scheme VSCodeiPadOS -destination "platform=iOS Simulator,id=AB8E1469-F08C-4468-9CA4-A417C6443166" build

--- xcodebuild: WARNING: Using the first of multiple matching destinations:
{ platform:iOS Simulator, arch:arm64, id:AB8E1469-F08C-4468-9CA4-A417C6443166, OS:18.4, name:iPad Pro 13-inch (M4) }
{ platform:iOS Simulator, arch:x86_64, id:AB8E1469-F08C-4468-9CA4-A417C6443166, OS:18.4, name:iPad Pro 13-inch (M4) }
ComputePackagePrebuildTargetDependencyGraph

Prepare packages

CreateBuildRequest

SendProjectDescription

CreateBuildOperation

ComputeTargetDependencyGraph
note: Building targets in dependency order
note: Target dependency graph (1 target)
    Target 'VSCodeiPadOS' in project 'VSCodeiPadOS' (no dependencies)

GatherProvisioningInputs

CreateBuildDescription

ClangStatCache /Applications/Xcode.app/Contents/Developer/Toolchains/XcodeDefault.xctoolchain/usr/bin/clang-stat-cache /Applications/Xcode.app/Contents/Developer/Platforms/iPhoneSimulator.platform/Developer/SDKs/iPhoneSimulator26.2.sdk /Users/danielswagg/Library/Developer/Xcode/DerivedData/SDKStatCaches.noindex/iphonesimulator26.2-23C53-3885c01c3e6b6a337905948deab2002e7d00a8b37fbd7999ea79df8ebc024bf0.sdkstatcache
    cd /Users/danielswagg/PLAYGROUND/vscode-ipados/VSCodeiPadOS/VSCodeiPadOS.xcodeproj
    /Applications/Xcode.app/Contents/Developer/Toolchains/XcodeDefault.xctoolchain/usr/bin/clang-stat-cache /Applications/Xcode.app/Contents/Developer/Platforms/iPhoneSimulator.platform/Developer/SDKs/iPhoneSimulator26.2.sdk -o /Users/danielswagg/Library/Developer/Xcode/DerivedData/SDKStatCaches.noindex/iphonesimulator26.2-23C53-3885c01c3e6b6a337905948deab2002e7d00a8b37fbd7999ea79df8ebc024bf0.sdkstatcache

SwiftDriver VSCodeiPadOS normal arm64 com.apple.xcode.tools.swift.compiler (in target 'VSCodeiPadOS' from project 'VSCodeiPadOS')
    cd /Users/danielswagg/PLAYGROUND/vscode-ipados/VSCodeiPadOS
    builtin-SwiftDriver -- /Applications/Xcode.app/Contents/Developer/Toolchains/XcodeDefault.xctoolchain/usr/bin/swiftc -module-name VSCodeiPadOS -Onone -enforce-exclusivity\=checked @/Users/danielswagg/Library/Developer/Xcode/DerivedData/VSCodeiPadOS-glroxkvivluzfgakbxxynkqxddup/Build/Intermediates.noindex/VSCodeiPadOS.build/Debug-iphonesimulator/VSCodeiPadOS.build/Objects-normal/arm64/VSCodeiPadOS.SwiftFileList -DDEBUG -enable-bare-slash-regex -enable-experimental-feature DebugDescriptionMacro -sdk /Applications/Xcode.app/Contents/Developer/Platforms/iPhoneSimulator.platform/Developer/SDKs/iPhoneSimulator26.2.sdk -target arm64-apple-ios15.0-simulator -g -module-cache-path /Users/danielswagg/Library/Developer/Xcode/DerivedData/ModuleCache.noindex -Xfrontend -serialize-debugging-options -enable-testing -index-store-path /Users/danielswagg/Library/Developer/Xcode/DerivedData/VSCodeiPadOS-glroxkvivluzfgakbxxynkqxddup/Index.noindex/DataStore -Xcc -D_LIBCPP_HARDENING_MODE\=_LIBCPP_HARDENING_MODE_DEBUG -swift-version 5 -I /Users/danielswagg/Library/Developer/Xcode/DerivedData/VSCodeiPadOS-glroxkvivluzfgakbxxynkqxddup/Build/Products/Debug-iphonesimulator -F /Users/danielswagg/Library/Developer/Xcode/DerivedData/VSCodeiPadOS-glroxkvivluzfgakbxxynkqxddup/Build/Products/Debug-iphonesimulator -emit-localized-strings -emit-localized-strings-path /Users/danielswagg/Library/Developer/Xcode/DerivedData/VSCodeiPadOS-glroxkvivluzfgakbxxynkqxddup/Build/Intermediates.noindex/VSCodeiPadOS.build/Debug-iphonesimulator/VSCodeiPadOS.build/Objects-normal/arm64 -c -j10 -enable-batch-mode -incremental -Xcc -ivfsstatcache -Xcc /Users/danielswagg/Library/Developer/Xcode/DerivedData/SDKStatCaches.noindex/iphonesimulator26.2-23C53-3885c01c3e6b6a337905948deab2002e7d00a8b37fbd7999ea79df8ebc024bf0.sdkstatcache -output-file-map /Users/danielswagg/Library/Developer/Xcode/DerivedData/VSCodeiPadOS-glroxkvivluzfgakbxxynkqxddup/Build/Intermediates.noindex/VSCodeiPadOS.build/Debug-iphonesimulator/VSCodeiPadOS.build/Objects-normal/arm64/VSCodeiPadOS-OutputFileMap.json -use-frontend-parseable-output -save-temps -no-color-diagnostics -explicit-module-build -module-cache-path /Users/danielswagg/Library/Developer/Xcode/DerivedData/VSCodeiPadOS-glroxkvivluzfgakbxxynkqxddup/Build/Intermediates.noindex/SwiftExplicitPrecompiledModules -clang-scanner-module-cache-path /Users/danielswagg/Library/Developer/Xcode/DerivedData/ModuleCache.noindex -sdk-module-cache-path /Users/danielswagg/Library/Developer/Xcode/DerivedData/ModuleCache.noindex -serialize-diagnostics -emit-dependencies -emit-module -emit-module-path /Users/danielswagg/Library/Developer/Xcode/DerivedData/VSCodeiPadOS-glroxkvivluzfgakbxxynkqxddup/Build/Intermediates.noindex/VSCodeiPadOS.build/Debug-iphonesimulator/VSCodeiPadOS.build/Objects-normal/arm64/VSCodeiPadOS.swiftmodule -validate-clang-modules-once -clang-build-session-file /Users/danielswagg/Library/Developer/Xcode/DerivedData/ModuleCache.noindex/Session.modulevalidation -Xcc -I/Users/danielswagg/Library/Developer/Xcode/DerivedData/VSCodeiPadOS-glroxkvivluzfgakbxxynkqxddup/Build/Intermediates.noindex/VSCodeiPadOS.build/Debug-iphonesimulator/VSCodeiPadOS.build/swift-overrides.hmap -emit-const-values -Xfrontend -const-gather-protocols-file -Xfrontend /Users/danielswagg/Library/Developer/Xcode/DerivedData/VSCodeiPadOS-glroxkvivluzfgakbxxynkqxddup/Build/Intermediates.noindex/VSCodeiPadOS.build/Debug-iphonesimulator/VSCodeiPadOS.build/Objects-normal/arm64/VSCodeiPadOS_const_extract_protocols.json -Xcc -iquote -Xcc /Users/danielswagg/Library/Developer/Xcode/DerivedData/VSCodeiPadOS-glroxkvivluzfgakbxxynkqxddup/Build/Intermediates.noindex/VSCodeiPadOS.build/Debug-iphonesimulator/VSCodeiPadOS.build/VSCodeiPadOS-generated-files.hmap -Xcc -I/Users/danielswagg/Library/Developer/Xcode/DerivedData/VSCodeiPadOS-glroxkvivluzfgakbxxynkqxddup/Build/Intermediates.noindex/VSCodeiPadOS.build/Debug-iphonesimulator/VSCodeiPadOS.build/VSCodeiPadOS-own-target-headers.hmap -Xcc -I/Users/danielswagg/Library/Developer/Xcode/DerivedData/VSCodeiPadOS-glroxkvivluzfgakbxxynkqxddup/Build/Intermediates.noindex/VSCodeiPadOS.build/Debug-iphonesimulator/VSCodeiPadOS.build/VSCodeiPadOS-all-target-headers.hmap -Xcc -iquote -Xcc /Users/danielswagg/Library/Developer/Xcode/DerivedData/VSCodeiPadOS-glroxkvivluzfgakbxxynkqxddup/Build/Intermediates.noindex/VSCodeiPadOS.build/Debug-iphonesimulator/VSCodeiPadOS.build/VSCodeiPadOS-project-headers.hmap -Xcc -I/Users/danielswagg/Library/Developer/Xcode/DerivedData/VSCodeiPadOS-glroxkvivluzfgakbxxynkqxddup/Build/Products/Debug-iphonesimulator/include -Xcc -I/Users/danielswagg/Library/Developer/Xcode/DerivedData/VSCodeiPadOS-glroxkvivluzfgakbxxynkqxddup/Build/Intermediates.noindex/VSCodeiPadOS.build/Debug-iphonesimulator/VSCodeiPadOS.build/DerivedSources-normal/arm64 -Xcc -I/Users/danielswagg/Library/Developer/Xcode/DerivedData/VSCodeiPadOS-glroxkvivluzfgakbxxynkqxddup/Build/Intermediates.noindex/VSCodeiPadOS.build/Debug-iphonesimulator/VSCodeiPadOS.build/DerivedSources/arm64 -Xcc -I/Users/danielswagg/Library/Developer/Xcode/DerivedData/VSCodeiPadOS-glroxkvivluzfgakbxxynkqxddup/Build/Intermediates.noindex/VSCodeiPadOS.build/Debug-iphonesimulator/VSCodeiPadOS.build/DerivedSources -Xcc -DDEBUG\=1 -emit-objc-header -emit-objc-header-path /Users/danielswagg/Library/Developer/Xcode/DerivedData/VSCodeiPadOS-glroxkvivluzfgakbxxynkqxddup/Build/Intermediates.noindex/VSCodeiPadOS.build/Debug-iphonesimulator/VSCodeiPadOS.build/Objects-normal/arm64/VSCodeiPadOS-Swift.h -working-directory /Users/danielswagg/PLAYGROUND/vscode-ipados/VSCodeiPadOS -experimental-emit-module-separately -disable-cmo

SwiftCompile normal arm64 Compiling\ ProblemsView.swift /Users/danielswagg/PLAYGROUND/vscode-ipados/VSCodeiPadOS/VSCodeiPadOS/Views/Panels/ProblemsView.swift (in target 'VSCodeiPadOS' from project 'VSCodeiPadOS')

SwiftCompile normal arm64 /Users/danielswagg/PLAYGROUND/vscode-ipados/VSCodeiPadOS/VSCodeiPadOS/Views/Panels/ProblemsView.swift (in target 'VSCodeiPadOS' from project 'VSCodeiPadOS')
    cd /Users/danielswagg/PLAYGROUND/vscode-ipados/VSCodeiPadOS
    

SwiftCompile normal arm64 Compiling\ SearchView.swift /Users/danielswagg/PLAYGROUND/vscode-ipados/VSCodeiPadOS/VSCodeiPadOS/Views/Panels/SearchView.swift (in target 'VSCodeiPadOS' from project 'VSCodeiPadOS')
SwiftCompile normal arm64 /Users/danielswagg/PLAYGROUND/vscode-ipados/VSCodeiPadOS/VSCodeiPadOS/Views/Panels/SearchView.swift (in target 'VSCodeiPadOS' from project 'VSCodeiPadOS')
    cd /Users/danielswagg/PLAYGROUND/vscode-ipados/VSCodeiPadOS
    
/Users/danielswagg/PLAYGROUND/vscode-ipados/VSCodeiPadOS/VSCodeiPadOS/Views/Panels/SearchView.swift:309:21: error: no exact matches in call to initializer 
        .background(Color(nsColor: .windowBackgroundColor))
                    ^
/Users/danielswagg/PLAYGROUND/vscode-ipados/VSCodeiPadOS/VSCodeiPadOS/Views/Panels/SearchView.swift:309:21: note: candidate has partially matching parameter list (importing: URL, contentType: UTType?)
        .background(Color(nsColor: .windowBackgroundColor))
                    ^
/Users/danielswagg/PLAYGROUND/vscode-ipados/VSCodeiPadOS/VSCodeiPadOS/Views/Panels/SearchView.swift:309:21: note: candidate has partially matching parameter list (importing: Data, contentType: UTType?)
        .background(Color(nsColor: .windowBackgroundColor))
                    ^
/Users/danielswagg/PLAYGROUND/vscode-ipados/VSCodeiPadOS/VSCodeiPadOS/Views/Panels/SearchView.swift:313:61: error: extra argument 'action' in call
        .keyboardShortcut("f", modifiers: .command, action: focusSearchField)
                         ~~~~~~~~~~~~~~~~~~~~~~~~~~~~~~~~~~~^~~~~~~~~~~~~~~~~
/Users/danielswagg/PLAYGROUND/vscode-ipados/VSCodeiPadOS/VSCodeiPadOS/Views/Panels/SearchView.swift:314:71: error: extra argument 'action' in call
        .keyboardShortcut("f", modifiers: [.command, .shift], action: focusSearchField)
                         ~~~~~~~~~~~~~~~~~~~~~~~~~~~~~~~~~~~~~~~~~~~~~^~~~~~~~~~~~~~~~~
/Users/danielswagg/PLAYGROUND/vscode-ipados/VSCodeiPadOS/VSCodeiPadOS/Views/Panels/SearchView.swift:315:61: error: extra argument 'action' in call
        .keyboardShortcut("h", modifiers: .command, action: toggleReplaceSection)
                         ~~~~~~~~~~~~~~~~~~~~~~~~~~~~~~~~~~~^~~~~~~~~~~~~~~~~~~~~
/Users/danielswagg/PLAYGROUND/vscode-ipados/VSCodeiPadOS/VSCodeiPadOS/Views/Panels/SearchView.swift:309:37: error: cannot infer contextual base in reference to member 'windowBackgroundColor'
        .background(Color(nsColor: .windowBackgroundColor))
                                   ~^~~~~~~~~~~~~~~~~~~~~
/Users/danielswagg/PLAYGROUND/vscode-ipados/VSCodeiPadOS/VSCodeiPadOS/Views/Panels/SearchView.swift:350:21: error: no exact matches in call to initializer 
        .background(Color(nsColor: .controlBackgroundColor))
                    ^
/Users/danielswagg/PLAYGROUND/vscode-ipados/VSCodeiPadOS/VSCodeiPadOS/Views/Panels/SearchView.swift:350:21: note: candidate has partially matching parameter list (importing: URL, contentType: UTType?)
        .background(Color(nsColor: .controlBackgroundColor))
                    ^
/Users/danielswagg/PLAYGROUND/vscode-ipados/VSCodeiPadOS/VSCodeiPadOS/Views/Panels/SearchView.swift:350:21: note: candidate has partially matching parameter list (importing: Data, contentType: UTType?)
        .background(Color(nsColor: .controlBackgroundColor))
                    ^
/Users/danielswagg/PLAYGROUND/vscode-ipados/VSCodeiPadOS/VSCodeiPadOS/Views/Panels/SearchView.swift:350:37: error: cannot infer contextual base in reference to member 'controlBackgroundColor'
        .background(Color(nsColor: .controlBackgroundColor))
                                   ~^~~~~~~~~~~~~~~~~~~~~~
/Users/danielswagg/PLAYGROUND/vscode-ipados/VSCodeiPadOS/VSCodeiPadOS/Views/Panels/SearchView.swift:424:33: error: no exact matches in call to initializer 
                    .background(Color(nsColor: .controlBackgroundColor))
                                ^
/Users/danielswagg/PLAYGROUND/vscode-ipados/VSCodeiPadOS/VSCodeiPadOS/Views/Panels/SearchView.swift:424:33: note: candidate has partially matching parameter list (importing: URL, contentType: UTType?)
                    .background(Color(nsColor: .controlBackgroundColor))
                                ^
/Users/danielswagg/PLAYGROUND/vscode-ipados/VSCodeiPadOS/VSCodeiPadOS/Views/Panels/SearchView.swift:424:33: note: candidate has partially matching parameter list (importing: Data, contentType: UTType?)
                    .background(Color(nsColor: .controlBackgroundColor))
                                ^
/Users/danielswagg/PLAYGROUND/vscode-ipados/VSCodeiPadOS/VSCodeiPadOS/Views/Panels/SearchView.swift:424:49: error: cannot infer contextual base in reference to member 'controlBackgroundColor'
                    .background(Color(nsColor: .controlBackgroundColor))
                                               ~^~~~~~~~~~~~~~~~~~~~~~
/Users/danielswagg/PLAYGROUND/vscode-ipados/VSCodeiPadOS/VSCodeiPadOS/Views/Panels/SearchView.swift:487:21: error: no exact matches in call to initializer 
        .background(Color(nsColor: .controlBackgroundColor))
                    ^
/Users/danielswagg/PLAYGROUND/vscode-ipados/VSCodeiPadOS/VSCodeiPadOS/Views/Panels/SearchView.swift:487:21: note: candidate has partially matching parameter list (importing: URL, contentType: UTType?)
        .background(Color(nsColor: .controlBackgroundColor))
                    ^
/Users/danielswagg/PLAYGROUND/vscode-ipados/VSCodeiPadOS/VSCodeiPadOS/Views/Panels/SearchView.swift:487:21: note: candidate has partially matching parameter list (importing: Data, contentType: UTType?)
        .background(Color(nsColor: .controlBackgroundColor))
                    ^
/Users/danielswagg/PLAYGROUND/vscode-ipados/VSCodeiPadOS/VSCodeiPadOS/Views/Panels/SearchView.swift:487:37: error: cannot infer contextual base in reference to member 'controlBackgroundColor'
        .background(Color(nsColor: .controlBackgroundColor))
                                   ~^~~~~~~~~~~~~~~~~~~~~~
/Users/danielswagg/PLAYGROUND/vscode-ipados/VSCodeiPadOS/VSCodeiPadOS/Views/Panels/SearchView.swift:552:33: error: no exact matches in call to initializer 
                    .background(Color(nsColor: .controlBackgroundColor))
                                ^
/Users/danielswagg/PLAYGROUND/vscode-ipados/VSCodeiPadOS/VSCodeiPadOS/Views/Panels/SearchView.swift:552:33: note: candidate has partially matching parameter list (importing: URL, contentType: UTType?)
                    .background(Color(nsColor: .controlBackgroundColor))
                                ^
/Users/danielswagg/PLAYGROUND/vscode-ipados/VSCodeiPadOS/VSCodeiPadOS/Views/Panels/SearchView.swift:552:33: note: candidate has partially matching parameter list (importing: Data, contentType: UTType?)
                    .background(Color(nsColor: .controlBackgroundColor))
                                ^
/Users/danielswagg/PLAYGROUND/vscode-ipados/VSCodeiPadOS/VSCodeiPadOS/Views/Panels/SearchView.swift:552:49: error: cannot infer contextual base in reference to member 'controlBackgroundColor'
                    .background(Color(nsColor: .controlBackgroundColor))
                                               ~^~~~~~~~~~~~~~~~~~~~~~
/Users/danielswagg/PLAYGROUND/vscode-ipados/VSCodeiPadOS/VSCodeiPadOS/Views/Panels/SearchView.swift:587:18: error: 'fontWeight' is only available in iOS 16.0 or newer
                .fontWeight(.medium)
                 ^
/Users/danielswagg/PLAYGROUND/vscode-ipados/VSCodeiPadOS/VSCodeiPadOS/Views/Panels/SearchView.swift:587:18: note: add 'if #available' version check
                .fontWeight(.medium)
                 ^
/Users/danielswagg/PLAYGROUND/vscode-ipados/VSCodeiPadOS/VSCodeiPadOS/Views/Panels/SearchView.swift:576:17: note: add '@available' attribute to enclosing property
    private var searchButtonRow: some View {
                ^
/Users/danielswagg/PLAYGROUND/vscode-ipados/VSCodeiPadOS/VSCodeiPadOS/Views/Panels/SearchView.swift:90:8: note: add '@available' attribute to enclosing struct
struct SearchView: View {
       ^
/Users/danielswagg/PLAYGROUND/vscode-ipados/VSCodeiPadOS/VSCodeiPadOS/Views/Panels/SearchView.swift:608:45: error: cannot convert value of type 'Binding<Subject>' to expected argument type 'Int'
            currentFileIndex: searchManager.currentFileIndex,
                                            ^
/Users/danielswagg/PLAYGROUND/vscode-ipados/VSCodeiPadOS/VSCodeiPadOS/Views/Panels/SearchView.swift:609:43: error: cannot convert value of type 'Binding<Subject>' to expected argument type 'Int'
            totalFileCount: searchManager.totalFileCount,
                                          ^
/Users/danielswagg/PLAYGROUND/vscode-ipados/VSCodeiPadOS/VSCodeiPadOS/Views/Panels/SearchView.swift:610:44: error: cannot convert value of type 'Binding<Subject>' to expected argument type 'String'
            currentFileName: searchManager.currentFileName,
                                           ^
/Users/danielswagg/PLAYGROUND/vscode-ipados/VSCodeiPadOS/VSCodeiPadOS/Views/Panels/SearchView.swift:608:45: error: value of type 'SearchManager' has no dynamic member 'currentFileIndex' using key path from root type 'SearchManager'
            currentFileIndex: searchManager.currentFileIndex,
                              ~~~~~~~~~~~~~ ^~~~~~~~~~~~~~~~
/Users/danielswagg/PLAYGROUND/vscode-ipados/VSCodeiPadOS/VSCodeiPadOS/Views/Panels/SearchView.swift:608:31: error: referencing subscript 'subscript(dynamicMember:)' requires wrapper 'ObservedObject<SearchManager>.Wrapper'
            currentFileIndex: searchManager.currentFileIndex,
                              ^
                              $
/Users/danielswagg/PLAYGROUND/vscode-ipados/VSCodeiPadOS/VSCodeiPadOS/Views/Panels/SearchView.swift:609:43: error: value of type 'SearchManager' has no dynamic member 'totalFileCount' using key path from root type 'SearchManager'
            totalFileCount: searchManager.totalFileCount,
                            ~~~~~~~~~~~~~ ^~~~~~~~~~~~~~
/Users/danielswagg/PLAYGROUND/vscode-ipados/VSCodeiPadOS/VSCodeiPadOS/Views/Panels/SearchView.swift:609:29: error: referencing subscript 'subscript(dynamicMember:)' requires wrapper 'ObservedObject<SearchManager>.Wrapper'
            totalFileCount: searchManager.totalFileCount,
                            ^
                            $
/Users/danielswagg/PLAYGROUND/vscode-ipados/VSCodeiPadOS/VSCodeiPadOS/Views/Panels/SearchView.swift:610:44: error: value of type 'SearchManager' has no dynamic member 'currentFileName' using key path from root type 'SearchManager'
            currentFileName: searchManager.currentFileName,
                             ~~~~~~~~~~~~~ ^~~~~~~~~~~~~~~
/Users/danielswagg/PLAYGROUND/vscode-ipados/VSCodeiPadOS/VSCodeiPadOS/Views/Panels/SearchView.swift:610:30: error: referencing subscript 'subscript(dynamicMember:)' requires wrapper 'ObservedObject<SearchManager>.Wrapper'
            currentFileName: searchManager.currentFileName,
                             ^
                             $
/Users/danielswagg/PLAYGROUND/vscode-ipados/VSCodeiPadOS/VSCodeiPadOS/Views/Panels/SearchView.swift:648:29: error: no exact matches in call to initializer 
                .background(Color(nsColor: .controlBackgroundColor))
                            ^
/Users/danielswagg/PLAYGROUND/vscode-ipados/VSCodeiPadOS/VSCodeiPadOS/Views/Panels/SearchView.swift:648:29: note: candidate has partially matching parameter list (importing: URL, contentType: UTType?)
                .background(Color(nsColor: .controlBackgroundColor))
                            ^
/Users/danielswagg/PLAYGROUND/vscode-ipados/VSCodeiPadOS/VSCodeiPadOS/Views/Panels/SearchView.swift:648:29: note: candidate has partially matching parameter list (importing: Data, contentType: UTType?)
                .background(Color(nsColor: .controlBackgroundColor))
                            ^
/Users/danielswagg/PLAYGROUND/vscode-ipados/VSCodeiPadOS/VSCodeiPadOS/Views/Panels/SearchView.swift:648:45: error: cannot infer contextual base in reference to member 'controlBackgroundColor'
                .background(Color(nsColor: .controlBackgroundColor))
                                           ~^~~~~~~~~~~~~~~~~~~~~~
/Users/danielswagg/PLAYGROUND/vscode-ipados/VSCodeiPadOS/VSCodeiPadOS/Views/Panels/SearchView.swift:1104:21: error: no exact matches in call to initializer 
        .background(Color(nsColor: .controlBackgroundColor).opacity(0.5))
                    ^
/Users/danielswagg/PLAYGROUND/vscode-ipados/VSCodeiPadOS/VSCodeiPadOS/Views/Panels/SearchView.swift:1104:21: note: candidate has partially matching parameter list (importing: URL, contentType: UTType?)
        .background(Color(nsColor: .controlBackgroundColor).opacity(0.5))
                    ^
/Users/danielswagg/PLAYGROUND/vscode-ipados/VSCodeiPadOS/VSCodeiPadOS/Views/Panels/SearchView.swift:1104:21: note: candidate has partially matching parameter list (importing: Data, contentType: UTType?)
        .background(Color(nsColor: .controlBackgroundColor).opacity(0.5))
                    ^
/Users/danielswagg/PLAYGROUND/vscode-ipados/VSCodeiPadOS/VSCodeiPadOS/Views/Panels/SearchView.swift:1104:37: error: cannot infer contextual base in reference to member 'controlBackgroundColor'
        .background(Color(nsColor: .controlBackgroundColor).opacity(0.5))
                                   ~^~~~~~~~~~~~~~~~~~~~~~
/Users/danielswagg/PLAYGROUND/vscode-ipados/VSCodeiPadOS/VSCodeiPadOS/Views/Panels/SearchView.swift:1176:21: error: no exact matches in call to initializer 
        .background(Color(nsColor: .controlBackgroundColor).opacity(0.5))
                    ^
/Users/danielswagg/PLAYGROUND/vscode-ipados/VSCodeiPadOS/VSCodeiPadOS/Views/Panels/SearchView.swift:1176:21: note: candidate has partially matching parameter list (importing: URL, contentType: UTType?)
        .background(Color(nsColor: .controlBackgroundColor).opacity(0.5))
                    ^
/Users/danielswagg/PLAYGROUND/vscode-ipados/VSCodeiPadOS/VSCodeiPadOS/Views/Panels/SearchView.swift:1176:21: note: candidate has partially matching parameter list (importing: Data, contentType: UTType?)
        .background(Color(nsColor: .controlBackgroundColor).opacity(0.5))
                    ^
/Users/danielswagg/PLAYGROUND/vscode-ipados/VSCodeiPadOS/VSCodeiPadOS/Views/Panels/SearchView.swift:1176:37: error: cannot infer contextual base in reference to member 'controlBackgroundColor'
        .background(Color(nsColor: .controlBackgroundColor).opacity(0.5))
                                   ~^~~~~~~~~~~~~~~~~~~~~~
/Users/danielswagg/PLAYGROUND/vscode-ipados/VSCodeiPadOS/VSCodeiPadOS/Views/Panels/SearchView.swift:1210:31: error: 'checkbox' is unavailable in iOS
                .toggleStyle(.checkbox)
                              ^~~~~~~~
SwiftUI.ToggleStyle.checkbox:2:46: note: 'checkbox' has been explicitly marked unavailable here
@MainActor @preconcurrency public static var checkbox: CheckboxToggleStyle { get }}
                                             ^
/Users/danielswagg/PLAYGROUND/vscode-ipados/VSCodeiPadOS/VSCodeiPadOS/Views/Panels/SearchView.swift:1214:31: error: 'checkbox' is unavailable in iOS
                .toggleStyle(.checkbox)
                              ^~~~~~~~
SwiftUI.ToggleStyle.checkbox:2:46: note: 'checkbox' has been explicitly marked unavailable here
@MainActor @preconcurrency public static var checkbox: CheckboxToggleStyle { get }}
                                             ^
/Users/danielswagg/PLAYGROUND/vscode-ipados/VSCodeiPadOS/VSCodeiPadOS/Views/Panels/SearchView.swift:1218:31: error: 'checkbox' is unavailable in iOS
                .toggleStyle(.checkbox)
                              ^~~~~~~~
SwiftUI.ToggleStyle.checkbox:2:46: note: 'checkbox' has been explicitly marked unavailable here
@MainActor @preconcurrency public static var checkbox: CheckboxToggleStyle { get }}
                                             ^

Failed frontend command:
/Applications/Xcode.app/Contents/Developer/Toolchains/XcodeDefault.xctoolchain/usr/bin/swift-frontend -frontend -c /Users/danielswagg/PLAYGROUND/vscode-ipados/VSCodeiPadOS/VSCodeiPadOS/ContentView.swift /Users/danielswagg/PLAYGROUND/vscode-ipados/VSCodeiPadOS/VSCodeiPadOS/App/VSCodeiPadOSApp.swift /Users/danielswagg/PLAYGROUND/vscode-ipados/VSCodeiPadOS/VSCodeiPadOS/Commands/AppCommands.swift /Users/danielswagg/PLAYGROUND/vscode-ipados/VSCodeiPadOS/VSCodeiPadOS/Extensions/Color+Hex.swift /Users/danielswagg/PLAYGROUND/vscode-ipados/VSCodeiPadOS/VSCodeiPadOS/Extensions/FileManager+Extension.swift /Users/danielswagg/PLAYGROUND/vscode-ipados/VSCodeiPadOS/VSCodeiPadOS/Extensions/FileManager+Extensions.swift /Users/danielswagg/PLAYGROUND/vscode-ipados/VSCodeiPadOS/VSCodeiPadOS/Extensions/NSAttributedStringSyntaxHighlighter.swift /Users/danielswagg/PLAYGROUND/vscode-ipados/VSCodeiPadOS/VSCodeiPadOS/Extensions/FileIcons.swift /Users/danielswagg/PLAYGROUND/vscode-ipados/VSCodeiPadOS/VSCodeiPadOS/Extensions/FileHelpers.swift /Users/danielswagg/PLAYGROUND/vscode-ipados/VSCodeiPadOS/VSCodeiPadOS/Extensions/Notification+Search.swift /Users/danielswagg/PLAYGROUND/vscode-ipados/VSCodeiPadOS/VSCodeiPadOS/Services/SSHManager.swift /Users/danielswagg/PLAYGROUND/vscode-ipados/VSCodeiPadOS/VSCodeiPadOS/App/AppDelegate.swift /Users/danielswagg/PLAYGROUND/vscode-ipados/VSCodeiPadOS/VSCodeiPadOS/App/SceneDelegate.swift /Users/danielswagg/PLAYGROUND/vscode-ipados/VSCodeiPadOS/VSCodeiPadOS/Models/EditorState.swift /Users/danielswagg/PLAYGROUND/vscode-ipados/VSCodeiPadOS/VSCodeiPadOS/Models/FileItem.swift /Users/danielswagg/PLAYGROUND/vscode-ipados/VSCodeiPadOS/VSCodeiPadOS/Models/FileItemUTType.swift /Users/danielswagg/PLAYGROUND/vscode-ipados/VSCodeiPadOS/VSCodeiPadOS/Models/FindViewModel.swift /Users/danielswagg/PLAYGROUND/vscode-ipados/VSCodeiPadOS/VSCodeiPadOS/Models/MultiCursor.swift /Users/danielswagg/PLAYGROUND/vscode-ipados/VSCodeiPadOS/VSCodeiPadOS/Models/Tab.swift /Users/danielswagg/PLAYGROUND/vscode-ipados/VSCodeiPadOS/VSCodeiPadOS/Models/Theme.swift /Users/danielswagg/PLAYGROUND/vscode-ipados/VSCodeiPadOS/VSCodeiPadOS/Services/AutocompleteManager.swift /Users/danielswagg/PLAYGROUND/vscode-ipados/VSCodeiPadOS/VSCodeiPadOS/Models/ThemeManager.swift /Users/danielswagg/PLAYGROUND/vscode-ipados/VSCodeiPadOS/VSCodeiPadOS/Services/CodeFoldingManager.swift /Users/danielswagg/PLAYGROUND/vscode-ipados/VSCodeiPadOS/VSCodeiPadOS/Services/EditorCore.swift /Users/danielswagg/PLAYGROUND/vscode-ipados/VSCodeiPadOS/VSCodeiPadOS/Services/FileSystemNavigator.swift /Users/danielswagg/PLAYGROUND/vscode-ipados/VSCodeiPadOS/VSCodeiPadOS/Services/InlayHintsManager.swift /Users/danielswagg/PLAYGROUND/vscode-ipados/VSCodeiPadOS/VSCodeiPadOS/Views/FileTreeView.swift /Users/danielswagg/PLAYGROUND/vscode-ipados/VSCodeiPadOS/VSCodeiPadOS/Views/FileIconView.swift /Users/danielswagg/PLAYGROUND/vscode-ipados/VSCodeiPadOS/VSCodeiPadOS/Views/SnippetPickerView.swift /Users/danielswagg/PLAYGROUND/vscode-ipados/VSCodeiPadOS/VSCodeiPadOS/Views/SidebarView.swift /Users/danielswagg/PLAYGROUND/vscode-ipados/VSCodeiPadOS/VSCodeiPadOS/Views/LaunchConfigView.swift /Users/danielswagg/PLAYGROUND/vscode-ipados/VSCodeiPadOS/VSCodeiPadOS/Views/TabBarView.swift /Users/danielswagg/PLAYGROUND/vscode-ipados/VSCodeiPadOS/VSCodeiPadOS/Views/DiffComponents.swift /Users/danielswagg/PLAYGROUND/vscode-ipados/VSCodeiPadOS/VSCodeiPadOS/Views/GoToSymbol.swift /Users/danielswagg/PLAYGROUND/vscode-ipados/VSCodeiPadOS/VSCodeiPadOS/Views/WorkspaceSettingsView.swift /Users/danielswagg/PLAYGROUND/vscode-ipados/VSCodeiPadOS/VSCodeiPadOS/Views/CommandPalette.swift /Users/danielswagg/PLAYGROUND/vscode-ipados/VSCodeiPadOS/VSCodeiPadOS/Views/StatusBarView.swift /Users/danielswagg/PLAYGROUND/vscode-ipados/VSCodeiPadOS/VSCodeiPadOS/Views/TasksView.swift /Users/danielswagg/PLAYGROUND/vscode-ipados/VSCodeiPadOS/VSCodeiPadOS/Views/QuickOpen.swift /Users/danielswagg/PLAYGROUND/vscode-ipados/VSCodeiPadOS/VSCodeiPadOS/Views/BranchMenu.swift /Users/danielswagg/PLAYGROUND/vscode-ipados/VSCodeiPadOS/VSCodeiPadOS/Views/WorkspaceTrustDialog.swift /Users/danielswagg/PLAYGROUND/vscode-ipados/VSCodeiPadOS/VSCodeiPadOS/Views/Editor/SplitEditorView.swift /Users/danielswagg/PLAYGROUND/vscode-ipados/VSCodeiPadOS/VSCodeiPadOS/Views/Editor/StickyHeaderView.swift /Users/danielswagg/PLAYGROUND/vscode-ipados/VSCodeiPadOS/VSCodeiPadOS/Views/Editor/ColorPickerView.swift /Users/danielswagg/PLAYGROUND/vscode-ipados/VSCodeiPadOS/VSCodeiPadOS/Views/Editor/MultiCursorTextView.swift /Users/danielswagg/PLAYGROUND/vscode-ipados/VSCodeiPadOS/VSCodeiPadOS/Views/Editor/JSONTreeView.swift /Users/danielswagg/PLAYGROUND/vscode-ipados/VSCodeiPadOS/VSCodeiPadOS/Views/Editor/EditorSplitView.swift /Users/danielswagg/PLAYGROUND/vscode-ipados/VSCodeiPadOS/VSCodeiPadOS/Views/Editor/InlayHintsOverlay.swift /Users/danielswagg/PLAYGROUND/vscode-ipados/VSCodeiPadOS/VSCodeiPadOS/Views/Editor/HoverInfoView.swift /Users/danielswagg/PLAYGROUND/vscode-ipados/VSCodeiPadOS/VSCodeiPadOS/Views/Editor/BreadcrumbsView.swift /Users/danielswagg/PLAYGROUND/vscode-ipados/VSCodeiPadOS/VSCodeiPadOS/Views/Editor/PeekDefinitionView.swift /Users/danielswagg/PLAYGROUND/vscode-ipados/VSCodeiPadOS/VSCodeiPadOS/Views/Editor/MinimapView.swift /Users/danielswagg/PLAYGROUND/vscode-ipados/VSCodeiPadOS/VSCodeiPadOS/Views/Editor/SyntaxHighlightingTextView.swift /Users/danielswagg/PLAYGROUND/vscode-ipados/VSCodeiPadOS/VSCodeiPadOS/Views/Panels/GitView.swift /Users/danielswagg/PLAYGROUND/vscode-ipados/VSCodeiPadOS/VSCodeiPadOS/Views/Panels/GitQuickActionsView.swift /Users/danielswagg/PLAYGROUND/vscode-ipados/VSCodeiPadOS/VSCodeiPadOS/Views/Panels/GoToLineView.swift /Users/danielswagg/PLAYGROUND/vscode-ipados/VSCodeiPadOS/VSCodeiPadOS/Views/Panels/OutlineView.swift /Users/danielswagg/PLAYGROUND/vscode-ipados/VSCodeiPadOS/VSCodeiPadOS/Views/Panels/OutputView.swift /Users/danielswagg/PLAYGROUND/vscode-ipados/VSCodeiPadOS/VSCodeiPadOS/Views/Panels/PanelView.swift /Users/danielswagg/PLAYGROUND/vscode-ipados/VSCodeiPadOS/VSCodeiPadOS/Views/Panels/ProblemsView.swift -primary-file /Users/danielswagg/PLAYGROUND/vscode-ipados/VSCodeiPadOS/VSCodeiPadOS/Views/Panels/SearchView.swift /Users/danielswagg/PLAYGROUND/vscode-ipados/VSCodeiPadOS/VSCodeiPadOS/Views/Panels/MarkdownPreviewView.swift /Users/danielswagg/PLAYGROUND/vscode-ipados/VSCodeiPadOS/VSCodeiPadOS/Views/Panels/MarkdownPreviewWrapper.swift /Users/danielswagg/PLAYGROUND/vscode-ipados/VSCodeiPadOS/VSCodeiPadOS/Views/Panels/TimelineView.swift /Users/danielswagg/PLAYGROUND/vscode-ipados/VSCodeiPadOS/VSCodeiPadOS/Views/Panels/DebugConsoleView.swift /Users/danielswagg/PLAYGROUND/vscode-ipados/VSCodeiPadOS/VSCodeiPadOS/Views/Panels/AIAssistantView.swift /Users/danielswagg/PLAYGROUND/vscode-ipados/VSCodeiPadOS/VSCodeiPadOS/Views/Panels/TestView.swift /Users/danielswagg/PLAYGROUND/vscode-ipados/VSCodeiPadOS/VSCodeiPadOS/Views/Panels/SettingsView.swift /Users/danielswagg/PLAYGROUND/vscode-ipados/VSCodeiPadOS/VSCodeiPadOS/Views/Panels/TerminalView.swift /Users/danielswagg/PLAYGROUND/vscode-ipados/VSCodeiPadOS/VSCodeiPadOS/Services/DebugManager.swift /Users/danielswagg/PLAYGROUND/vscode-ipados/VSCodeiPadOS/VSCodeiPadOS/Views/Panels/DebugView.swift /Users/danielswagg/PLAYGROUND/vscode-ipados/VSCodeiPadOS/VSCodeiPadOS/Services/WorkspaceTrustManager.swift /Users/danielswagg/PLAYGROUND/vscode-ipados/VSCodeiPadOS/VSCodeiPadOS/Services/AIManager.swift /Users/danielswagg/PLAYGROUND/vscode-ipados/VSCodeiPadOS/VSCodeiPadOS/Services/ColorPickerManager.swift /Users/danielswagg/PLAYGROUND/vscode-ipados/VSCodeiPadOS/VSCodeiPadOS/Services/GitManager.swift /Users/danielswagg/PLAYGROUND/vscode-ipados/VSCodeiPadOS/VSCodeiPadOS/Services/GitService.swift /Users/danielswagg/PLAYGROUND/vscode-ipados/VSCodeiPadOS/VSCodeiPadOS/Services/HoverInfoManager.swift /Users/danielswagg/PLAYGROUND/vscode-ipados/VSCodeiPadOS/VSCodeiPadOS/Services/LaunchManager.swift /Users/danielswagg/PLAYGROUND/vscode-ipados/VSCodeiPadOS/VSCodeiPadOS/Services/NavigationManager.swift /Users/danielswagg/PLAYGROUND/vscode-ipados/VSCodeiPadOS/VSCodeiPadOS/Services/RecentFileManager.swift /Users/danielswagg/PLAYGROUND/vscode-ipados/VSCodeiPadOS/VSCodeiPadOS/Services/SearchManager.swift /Users/danielswagg/PLAYGROUND/vscode-ipados/VSCodeiPadOS/VSCodeiPadOS/Services/SettingsManager.swift /Users/danielswagg/PLAYGROUND/vscode-ipados/VSCodeiPadOS/VSCodeiPadOS/Services/SnippetsManager.swift /Users/danielswagg/PLAYGROUND/vscode-ipados/VSCodeiPadOS/VSCodeiPadOS/Services/TasksManager.swift /Users/danielswagg/PLAYGROUND/vscode-ipados/VSCodeiPadOS/VSCodeiPadOS/Services/WorkspaceManager.swift /Users/danielswagg/PLAYGROUND/vscode-ipados/VSCodeiPadOS/VSCodeiPadOS/Services/SpotlightManager.swift /Users/danielswagg/Library/Developer/Xcode/DerivedData/VSCodeiPadOS-glroxkvivluzfgakbxxynkqxddup/Build/Intermediates.noindex/VSCodeiPadOS.build/Debug-iphonesimulator/VSCodeiPadOS.build/DerivedSources/GeneratedAssetSymbols.swift -emit-dependencies-path /Users/danielswagg/Library/Developer/Xcode/DerivedData/VSCodeiPadOS-glroxkvivluzfgakbxxynkqxddup/Build/Intermediates.noindex/VSCodeiPadOS.build/Debug-iphonesimulator/VSCodeiPadOS.build/Objects-normal/arm64/SearchView.d -emit-const-values-path /Users/danielswagg/Library/Developer/Xcode/DerivedData/VSCodeiPadOS-glroxkvivluzfgakbxxynkqxddup/Build/Intermediates.noindex/VSCodeiPadOS.build/Debug-iphonesimulator/VSCodeiPadOS.build/Objects-normal/arm64/SearchView.swiftconstvalues -emit-reference-dependencies-path /Users/danielswagg/Library/Developer/Xcode/DerivedData/VSCodeiPadOS-glroxkvivluzfgakbxxynkqxddup/Build/Intermediates.noindex/VSCodeiPadOS.build/Debug-iphonesimulator/VSCodeiPadOS.build/Objects-normal/arm64/SearchView.swiftdeps -serialize-diagnostics-path /Users/danielswagg/Library/Developer/Xcode/DerivedData/VSCodeiPadOS-glroxkvivluzfgakbxxynkqxddup/Build/Intermediates.noindex/VSCodeiPadOS.build/Debug-iphonesimulator/VSCodeiPadOS.build/Objects-normal/arm64/SearchView.dia -emit-localized-strings -emit-localized-strings-path /Users/danielswagg/Library/Developer/Xcode/DerivedData/VSCodeiPadOS-glroxkvivluzfgakbxxynkqxddup/Build/Intermediates.noindex/VSCodeiPadOS.build/Debug-iphonesimulator/VSCodeiPadOS.build/Objects-normal/arm64 -target arm64-apple-ios15.0-simulator -module-can-import-version DeveloperToolsSupport 23.0.4 23.0.4 -module-can-import-version SwiftUI 7.2.5.1 7.2.5 -module-can-import-version UIKit 9126.2.4.1 9126.2.4 -disable-cross-import-overlay-search -swift-module-cross-import WebKit /Applications/Xcode.app/Contents/Developer/Platforms/iPhoneSimulator.platform/Developer/SDKs/iPhoneSimulator.sdk/System/Cryptexes/OS/System/Library/Frameworks/WebKit.framework/Modules/WebKit.swiftcrossimport/SwiftUI.swiftoverlay -swift-module-cross-import WebKit /Applications/Xcode.app/Contents/Developer/Platforms/iPhoneSimulator.platform/Developer/SDKs/iPhoneSimulator26.2.sdk/System/Library/Frameworks/WebKit.framework/Modules/WebKit.swiftcrossimport/SwiftUI.swiftoverlay -load-resolved-plugin /Applications/Xcode.app/Contents/Developer/Platforms/iPhoneOS.platform/Developer/usr/lib/swift/host/plugins/libFoundationMacros.dylib\#/Applications/Xcode.app/Contents/Developer/Platforms/iPhoneOS.platform/Developer/usr/bin/swift-plugin-server\#FoundationMacros -load-resolved-plugin /Applications/Xcode.app/Contents/Developer/Platforms/iPhoneOS.platform/Developer/usr/lib/swift/host/plugins/libObservationMacros.dylib\#/Applications/Xcode.app/Contents/Developer/Platforms/iPhoneOS.platform/Developer/usr/bin/swift-plugin-server\#ObservationMacros -load-resolved-plugin /Applications/Xcode.app/Contents/Developer/Platforms/iPhoneOS.platform/Developer/usr/lib/swift/host/plugins/libPreviewsMacros.dylib\#/Applications/Xcode.app/Contents/Developer/Platforms/iPhoneOS.platform/Developer/usr/bin/swift-plugin-server\#PreviewsMacros -load-resolved-plugin /Applications/Xcode.app/Contents/Developer/Platforms/iPhoneOS.platform/Developer/usr/lib/swift/host/plugins/libSwiftMacros.dylib\#/Applications/Xcode.app/Contents/Developer/Platforms/iPhoneOS.platform/Developer/usr/bin/swift-plugin-server\#SwiftMacros -load-resolved-plugin /Applications/Xcode.app/Contents/Developer/Platforms/iPhoneOS.platform/Developer/usr/lib/swift/host/plugins/libSwiftUIMacros.dylib\#/Applications/Xcode.app/Contents/Developer/Platforms/iPhoneOS.platform/Developer/usr/bin/swift-plugin-server\#SwiftUIMacros -disable-implicit-swift-modules -Xcc -fno-implicit-modules -Xcc -fno-implicit-module-maps -explicit-swift-module-map-file /Users/danielswagg/Library/Developer/Xcode/DerivedData/VSCodeiPadOS-glroxkvivluzfgakbxxynkqxddup/Build/Intermediates.noindex/VSCodeiPadOS.build/Debug-iphonesimulator/VSCodeiPadOS.build/Objects-normal/arm64/VSCodeiPadOS-dependencies-1.json -Xllvm -aarch64-use-tbi -enable-objc-interop -sdk /Applications/Xcode.app/Contents/Developer/Platforms/iPhoneSimulator.platform/Developer/SDKs/iPhoneSimulator26.2.sdk -I /Users/danielswagg/Library/Developer/Xcode/DerivedData/VSCodeiPadOS-glroxkvivluzfgakbxxynkqxddup/Build/Products/Debug-iphonesimulator -F /Users/danielswagg/Library/Developer/Xcode/DerivedData/VSCodeiPadOS-glroxkvivluzfgakbxxynkqxddup/Build/Products/Debug-iphonesimulator -no-color-diagnostics -Xcc -fno-color-diagnostics -enable-testing -g -debug-info-format\=dwarf -dwarf-version\=4 -module-cache-path /Users/danielswagg/Library/Developer/Xcode/DerivedData/VSCodeiPadOS-glroxkvivluzfgakbxxynkqxddup/Build/Intermediates.noindex/SwiftExplicitPrecompiledModules -swift-version 5 -enforce-exclusivity\=checked -Onone -D DEBUG -serialize-debugging-options -const-gather-protocols-file /Users/danielswagg/Library/Developer/Xcode/DerivedData/VSCodeiPadOS-glroxkvivluzfgakbxxynkqxddup/Build/Intermediates.noindex/VSCodeiPadOS.build/Debug-iphonesimulator/VSCodeiPadOS.build/Objects-normal/arm64/VSCodeiPadOS_const_extract_protocols.json -enable-experimental-feature DebugDescriptionMacro -enable-bare-slash-regex -empty-abi-descriptor -validate-clang-modules-once -clang-build-session-file /Users/danielswagg/Library/Developer/Xcode/DerivedData/ModuleCache.noindex/Session.modulevalidation -Xcc -working-directory -Xcc /Users/danielswagg/PLAYGROUND/vscode-ipados/VSCodeiPadOS -enable-anonymous-context-mangled-names -file-compilation-dir /Users/danielswagg/PLAYGROUND/vscode-ipados/VSCodeiPadOS -Xcc -D_LIBCPP_HARDENING_MODE\=_LIBCPP_HARDENING_MODE_DEBUG -Xcc -ivfsstatcache -Xcc /Users/danielswagg/Library/Developer/Xcode/DerivedData/SDKStatCaches.noindex/iphonesimulator26.2-23C53-3885c01c3e6b6a337905948deab2002e7d00a8b37fbd7999ea79df8ebc024bf0.sdkstatcache -Xcc -I/Users/danielswagg/Library/Developer/Xcode/DerivedData/VSCodeiPadOS-glroxkvivluzfgakbxxynkqxddup/Build/Intermediates.noindex/VSCodeiPadOS.build/Debug-iphonesimulator/VSCodeiPadOS.build/swift-overrides.hmap -Xcc -iquote -Xcc /Users/danielswagg/Library/Developer/Xcode/DerivedData/VSCodeiPadOS-glroxkvivluzfgakbxxynkqxddup/Build/Intermediates.noindex/VSCodeiPadOS.build/Debug-iphonesimulator/VSCodeiPadOS.build/VSCodeiPadOS-generated-files.hmap -Xcc -I/Users/danielswagg/Library/Developer/Xcode/DerivedData/VSCodeiPadOS-glroxkvivluzfgakbxxynkqxddup/Build/Intermediates.noindex/VSCodeiPadOS.build/Debug-iphonesimulator/VSCodeiPadOS.build/VSCodeiPadOS-own-target-headers.hmap -Xcc -I/Users/danielswagg/Library/Developer/Xcode/DerivedData/VSCodeiPadOS-glroxkvivluzfgakbxxynkqxddup/Build/Intermediates.noindex/VSCodeiPadOS.build/Debug-iphonesimulator/VSCodeiPadOS.build/VSCodeiPadOS-all-target-headers.hmap -Xcc -iquote -Xcc /Users/danielswagg/Library/Developer/Xcode/DerivedData/VSCodeiPadOS-glroxkvivluzfgakbxxynkqxddup/Build/Intermediates.noindex/VSCodeiPadOS.build/Debug-iphonesimulator/VSCodeiPadOS.build/VSCodeiPadOS-project-headers.hmap -Xcc -I/Users/danielswagg/Library/Developer/Xcode/DerivedData/VSCodeiPadOS-glroxkvivluzfgakbxxynkqxddup/Build/Products/Debug-iphonesimulator/include -Xcc -I/Users/danielswagg/Library/Developer/Xcode/DerivedData/VSCodeiPadOS-glroxkvivluzfgakbxxynkqxddup/Build/Intermediates.noindex/VSCodeiPadOS.build/Debug-iphonesimulator/VSCodeiPadOS.build/DerivedSources-normal/arm64 -Xcc -I/Users/danielswagg/Library/Developer/Xcode/DerivedData/VSCodeiPadOS-glroxkvivluzfgakbxxynkqxddup/Build/Intermediates.noindex/VSCodeiPadOS.build/Debug-iphonesimulator/VSCodeiPadOS.build/DerivedSources/arm64 -Xcc -I/Users/danielswagg/Library/Developer/Xcode/DerivedData/VSCodeiPadOS-glroxkvivluzfgakbxxynkqxddup/Build/Intermediates.noindex/VSCodeiPadOS.build/Debug-iphonesimulator/VSCodeiPadOS.build/DerivedSources -Xcc -DDEBUG\=1 -no-auto-bridging-header-chaining -module-name VSCodeiPadOS -frontend-parseable-output -disable-clang-spi -target-sdk-version 26.2 -target-sdk-name iphonesimulator26.2 -clang-target arm64-apple-ios26.2-simulator -in-process-plugin-server-path /Applications/Xcode.app/Contents/Developer/Toolchains/XcodeDefault.xctoolchain/usr/lib/swift/host/libSwiftInProcPluginServer.dylib -o /Users/danielswagg/Library/Developer/Xcode/DerivedData/VSCodeiPadOS-glroxkvivluzfgakbxxynkqxddup/Build/Intermediates.noindex/VSCodeiPadOS.build/Debug-iphonesimulator/VSCodeiPadOS.build/Objects-normal/arm64/SearchView.o -index-unit-output-path /VSCodeiPadOS.build/Debug-iphonesimulator/VSCodeiPadOS.build/Objects-normal/arm64/SearchView.o -index-store-path /Users/danielswagg/Library/Developer/Xcode/DerivedData/VSCodeiPadOS-glroxkvivluzfgakbxxynkqxddup/Index.noindex/DataStore -index-system-modules
SwiftCompile normal arm64 Compiling\ MinimapView.swift,\ SyntaxHighlightingTextView.swift /Users/danielswagg/PLAYGROUND/vscode-ipados/VSCodeiPadOS/VSCodeiPadOS/Views/Editor/MinimapView.swift /Users/danielswagg/PLAYGROUND/vscode-ipados/VSCodeiPadOS/VSCodeiPadOS/Views/Editor/SyntaxHighlightingTextView.swift (in target 'VSCodeiPadOS' from project 'VSCodeiPadOS')

SwiftCompile normal arm64 /Users/danielswagg/PLAYGROUND/vscode-ipados/VSCodeiPadOS/VSCodeiPadOS/Views/Editor/MinimapView.swift (in target 'VSCodeiPadOS' from project 'VSCodeiPadOS')
    cd /Users/danielswagg/PLAYGROUND/vscode-ipados/VSCodeiPadOS
    

SwiftCompile normal arm64 /Users/danielswagg/PLAYGROUND/vscode-ipados/VSCodeiPadOS/VSCodeiPadOS/Views/Editor/SyntaxHighlightingTextView.swift (in target 'VSCodeiPadOS' from project 'VSCodeiPadOS')
    cd /Users/danielswagg/PLAYGROUND/vscode-ipados/VSCodeiPadOS
    
/Users/danielswagg/PLAYGROUND/vscode-ipados/VSCodeiPadOS/VSCodeiPadOS/Views/Editor/SyntaxHighlightingTextView.swift:522:23: warning: value 'textView' was defined but never used; consider replacing with boolean test
            guard let textView = gesture.view as? UITextView else { return }
                  ~~~~^~~~~~~~~~~             ~~~
                                              is

SwiftCompile normal arm64 Compiling\ BranchMenu.swift,\ WorkspaceTrustDialog.swift /Users/danielswagg/PLAYGROUND/vscode-ipados/VSCodeiPadOS/VSCodeiPadOS/Views/BranchMenu.swift /Users/danielswagg/PLAYGROUND/vscode-ipados/VSCodeiPadOS/VSCodeiPadOS/Views/WorkspaceTrustDialog.swift (in target 'VSCodeiPadOS' from project 'VSCodeiPadOS')

SwiftCompile normal arm64 /Users/danielswagg/PLAYGROUND/vscode-ipados/VSCodeiPadOS/VSCodeiPadOS/Views/BranchMenu.swift (in target 'VSCodeiPadOS' from project 'VSCodeiPadOS')
    cd /Users/danielswagg/PLAYGROUND/vscode-ipados/VSCodeiPadOS
    

SwiftCompile normal arm64 /Users/danielswagg/PLAYGROUND/vscode-ipados/VSCodeiPadOS/VSCodeiPadOS/Views/WorkspaceTrustDialog.swift (in target 'VSCodeiPadOS' from project 'VSCodeiPadOS')
    cd /Users/danielswagg/PLAYGROUND/vscode-ipados/VSCodeiPadOS
    

SwiftCompile normal arm64 Compiling\ TasksView.swift,\ QuickOpen.swift /Users/danielswagg/PLAYGROUND/vscode-ipados/VSCodeiPadOS/VSCodeiPadOS/Views/TasksView.swift /Users/danielswagg/PLAYGROUND/vscode-ipados/VSCodeiPadOS/VSCodeiPadOS/Views/QuickOpen.swift (in target 'VSCodeiPadOS' from project 'VSCodeiPadOS')

SwiftCompile normal arm64 /Users/danielswagg/PLAYGROUND/vscode-ipados/VSCodeiPadOS/VSCodeiPadOS/Views/TasksView.swift (in target 'VSCodeiPadOS' from project 'VSCodeiPadOS')
    cd /Users/danielswagg/PLAYGROUND/vscode-ipados/VSCodeiPadOS
    

SwiftCompile normal arm64 /Users/danielswagg/PLAYGROUND/vscode-ipados/VSCodeiPadOS/VSCodeiPadOS/Views/QuickOpen.swift (in target 'VSCodeiPadOS' from project 'VSCodeiPadOS')
    cd /Users/danielswagg/PLAYGROUND/vscode-ipados/VSCodeiPadOS
    

SwiftCompile normal arm64 Compiling\ GitView.swift /Users/danielswagg/PLAYGROUND/vscode-ipados/VSCodeiPadOS/VSCodeiPadOS/Views/Panels/GitView.swift (in target 'VSCodeiPadOS' from project 'VSCodeiPadOS')

SwiftCompile normal arm64 /Users/danielswagg/PLAYGROUND/vscode-ipados/VSCodeiPadOS/VSCodeiPadOS/Views/Panels/GitView.swift (in target 'VSCodeiPadOS' from project 'VSCodeiPadOS')
    cd /Users/danielswagg/PLAYGROUND/vscode-ipados/VSCodeiPadOS
    

SwiftEmitModule normal arm64 Emitting\ module\ for\ VSCodeiPadOS (in target 'VSCodeiPadOS' from project 'VSCodeiPadOS')

EmitSwiftModule normal arm64 (in target 'VSCodeiPadOS' from project 'VSCodeiPadOS')
    cd /Users/danielswagg/PLAYGROUND/vscode-ipados/VSCodeiPadOS
    

SwiftCompile normal arm64 Compiling\ TestView.swift /Users/danielswagg/PLAYGROUND/vscode-ipados/VSCodeiPadOS/VSCodeiPadOS/Views/Panels/TestView.swift (in target 'VSCodeiPadOS' from project 'VSCodeiPadOS')

SwiftCompile normal arm64 /Users/danielswagg/PLAYGROUND/vscode-ipados/VSCodeiPadOS/VSCodeiPadOS/Views/Panels/TestView.swift (in target 'VSCodeiPadOS' from project 'VSCodeiPadOS')
    cd /Users/danielswagg/PLAYGROUND/vscode-ipados/VSCodeiPadOS
    

SwiftCompile normal arm64 Compiling\ GitManager.swift /Users/danielswagg/PLAYGROUND/vscode-ipados/VSCodeiPadOS/VSCodeiPadOS/Services/GitManager.swift (in target 'VSCodeiPadOS' from project 'VSCodeiPadOS')

SwiftCompile normal arm64 /Users/danielswagg/PLAYGROUND/vscode-ipados/VSCodeiPadOS/VSCodeiPadOS/Services/GitManager.swift (in target 'VSCodeiPadOS' from project 'VSCodeiPadOS')
    cd /Users/danielswagg/PLAYGROUND/vscode-ipados/VSCodeiPadOS
    

SwiftCompile normal arm64 Compiling\ GitQuickActionsView.swift /Users/danielswagg/PLAYGROUND/vscode-ipados/VSCodeiPadOS/VSCodeiPadOS/Views/Panels/GitQuickActionsView.swift (in target 'VSCodeiPadOS' from project 'VSCodeiPadOS')
SwiftCompile normal arm64 /Users/danielswagg/PLAYGROUND/vscode-ipados/VSCodeiPadOS/VSCodeiPadOS/Views/Panels/GitQuickActionsView.swift (in target 'VSCodeiPadOS' from project 'VSCodeiPadOS')
    cd /Users/danielswagg/PLAYGROUND/vscode-ipados/VSCodeiPadOS
    

SwiftCompile normal arm64 Compiling\ AIAssistantView.swift /Users/danielswagg/PLAYGROUND/vscode-ipados/VSCodeiPadOS/VSCodeiPadOS/Views/Panels/AIAssistantView.swift (in target 'VSCodeiPadOS' from project 'VSCodeiPadOS')

SwiftCompile normal arm64 /Users/danielswagg/PLAYGROUND/vscode-ipados/VSCodeiPadOS/VSCodeiPadOS/Views/Panels/AIAssistantView.swift (in target 'VSCodeiPadOS' from project 'VSCodeiPadOS')
    cd /Users/danielswagg/PLAYGROUND/vscode-ipados/VSCodeiPadOS
    

SwiftDriverJobDiscovery normal arm64 Compiling ProblemsView.swift (in target 'VSCodeiPadOS' from project 'VSCodeiPadOS')

SwiftCompile normal arm64 Compiling\ PanelView.swift /Users/danielswagg/PLAYGROUND/vscode-ipados/VSCodeiPadOS/VSCodeiPadOS/Views/Panels/PanelView.swift (in target 'VSCodeiPadOS' from project 'VSCodeiPadOS')

SwiftCompile normal arm64 /Users/danielswagg/PLAYGROUND/vscode-ipados/VSCodeiPadOS/VSCodeiPadOS/Views/Panels/PanelView.swift (in target 'VSCodeiPadOS' from project 'VSCodeiPadOS')
    cd /Users/danielswagg/PLAYGROUND/vscode-ipados/VSCodeiPadOS
    

SwiftDriverJobDiscovery normal arm64 Compiling BranchMenu.swift, WorkspaceTrustDialog.swift (in target 'VSCodeiPadOS' from project 'VSCodeiPadOS')

SwiftDriverJobDiscovery normal arm64 Compiling GitManager.swift (in target 'VSCodeiPadOS' from project 'VSCodeiPadOS')

SwiftCompile normal arm64 Compiling\ SidebarView.swift /Users/danielswagg/PLAYGROUND/vscode-ipados/VSCodeiPadOS/VSCodeiPadOS/Views/SidebarView.swift (in target 'VSCodeiPadOS' from project 'VSCodeiPadOS')

SwiftCompile normal arm64 /Users/danielswagg/PLAYGROUND/vscode-ipados/VSCodeiPadOS/VSCodeiPadOS/Views/SidebarView.swift (in target 'VSCodeiPadOS' from project 'VSCodeiPadOS')
    cd /Users/danielswagg/PLAYGROUND/vscode-ipados/VSCodeiPadOS
    

SwiftCompile normal arm64 Compiling\ ContentView.swift /Users/danielswagg/PLAYGROUND/vscode-ipados/VSCodeiPadOS/VSCodeiPadOS/ContentView.swift (in target 'VSCodeiPadOS' from project 'VSCodeiPadOS')

SwiftCompile normal arm64 /Users/danielswagg/PLAYGROUND/vscode-ipados/VSCodeiPadOS/VSCodeiPadOS/ContentView.swift (in target 'VSCodeiPadOS' from project 'VSCodeiPadOS')
    cd /Users/danielswagg/PLAYGROUND/vscode-ipados/VSCodeiPadOS
    

SwiftDriverJobDiscovery normal arm64 Compiling TestView.swift (in target 'VSCodeiPadOS' from project 'VSCodeiPadOS')

SwiftCompile normal arm64 Compiling\ StatusBarView.swift /Users/danielswagg/PLAYGROUND/vscode-ipados/VSCodeiPadOS/VSCodeiPadOS/Views/StatusBarView.swift (in target 'VSCodeiPadOS' from project 'VSCodeiPadOS')

SwiftCompile normal arm64 /Users/danielswagg/PLAYGROUND/vscode-ipados/VSCodeiPadOS/VSCodeiPadOS/Views/StatusBarView.swift (in target 'VSCodeiPadOS' from project 'VSCodeiPadOS')
    cd /Users/danielswagg/PLAYGROUND/vscode-ipados/VSCodeiPadOS
    

SwiftDriverJobDiscovery normal arm64 Compiling PanelView.swift (in target 'VSCodeiPadOS' from project 'VSCodeiPadOS')

SwiftDriverJobDiscovery normal arm64 Compiling SidebarView.swift (in target 'VSCodeiPadOS' from project 'VSCodeiPadOS')

SwiftDriverJobDiscovery normal arm64 Compiling GitView.swift (in target 'VSCodeiPadOS' from project 'VSCodeiPadOS')

SwiftDriverJobDiscovery normal arm64 Compiling TasksView.swift, QuickOpen.swift (in target 'VSCodeiPadOS' from project 'VSCodeiPadOS')

SwiftCompile normal arm64 Compiling\ LaunchConfigView.swift /Users/danielswagg/PLAYGROUND/vscode-ipados/VSCodeiPadOS/VSCodeiPadOS/Views/LaunchConfigView.swift (in target 'VSCodeiPadOS' from project 'VSCodeiPadOS')

SwiftCompile normal arm64 /Users/danielswagg/PLAYGROUND/vscode-ipados/VSCodeiPadOS/VSCodeiPadOS/Views/LaunchConfigView.swift (in target 'VSCodeiPadOS' from project 'VSCodeiPadOS')
    cd /Users/danielswagg/PLAYGROUND/vscode-ipados/VSCodeiPadOS
    

SwiftCompile normal arm64 Compiling\ SettingsView.swift /Users/danielswagg/PLAYGROUND/vscode-ipados/VSCodeiPadOS/VSCodeiPadOS/Views/Panels/SettingsView.swift (in target 'VSCodeiPadOS' from project 'VSCodeiPadOS')

SwiftCompile normal arm64 /Users/danielswagg/PLAYGROUND/vscode-ipados/VSCodeiPadOS/VSCodeiPadOS/Views/Panels/SettingsView.swift (in target 'VSCodeiPadOS' from project 'VSCodeiPadOS')
    cd /Users/danielswagg/PLAYGROUND/vscode-ipados/VSCodeiPadOS
    

SwiftCompile normal arm64 Compiling\ CommandPalette.swift /Users/danielswagg/PLAYGROUND/vscode-ipados/VSCodeiPadOS/VSCodeiPadOS/Views/CommandPalette.swift (in target 'VSCodeiPadOS' from project 'VSCodeiPadOS')

SwiftCompile normal arm64 /Users/danielswagg/PLAYGROUND/vscode-ipados/VSCodeiPadOS/VSCodeiPadOS/Views/CommandPalette.swift (in target 'VSCodeiPadOS' from project 'VSCodeiPadOS')
    cd /Users/danielswagg/PLAYGROUND/vscode-ipados/VSCodeiPadOS
    

SwiftCompile normal arm64 Compiling\ DebugConsoleView.swift /Users/danielswagg/PLAYGROUND/vscode-ipados/VSCodeiPadOS/VSCodeiPadOS/Views/Panels/DebugConsoleView.swift (in target 'VSCodeiPadOS' from project 'VSCodeiPadOS')

SwiftCompile normal arm64 /Users/danielswagg/PLAYGROUND/vscode-ipados/VSCodeiPadOS/VSCodeiPadOS/Views/Panels/DebugConsoleView.swift (in target 'VSCodeiPadOS' from project 'VSCodeiPadOS')
    cd /Users/danielswagg/PLAYGROUND/vscode-ipados/VSCodeiPadOS
    

SwiftDriverJobDiscovery normal arm64 Compiling StatusBarView.swift (in target 'VSCodeiPadOS' from project 'VSCodeiPadOS')

SwiftCompile normal arm64 Compiling\ GoToSymbol.swift /Users/danielswagg/PLAYGROUND/vscode-ipados/VSCodeiPadOS/VSCodeiPadOS/Views/GoToSymbol.swift (in target 'VSCodeiPadOS' from project 'VSCodeiPadOS')

SwiftCompile normal arm64 /Users/danielswagg/PLAYGROUND/vscode-ipados/VSCodeiPadOS/VSCodeiPadOS/Views/GoToSymbol.swift (in target 'VSCodeiPadOS' from project 'VSCodeiPadOS')
    cd /Users/danielswagg/PLAYGROUND/vscode-ipados/VSCodeiPadOS
    

SwiftDriverJobDiscovery normal arm64 Compiling MinimapView.swift, SyntaxHighlightingTextView.swift (in target 'VSCodeiPadOS' from project 'VSCodeiPadOS')

SwiftCompile normal arm64 Compiling\ PeekDefinitionView.swift /Users/danielswagg/PLAYGROUND/vscode-ipados/VSCodeiPadOS/VSCodeiPadOS/Views/Editor/PeekDefinitionView.swift (in target 'VSCodeiPadOS' from project 'VSCodeiPadOS')

SwiftCompile normal arm64 /Users/danielswagg/PLAYGROUND/vscode-ipados/VSCodeiPadOS/VSCodeiPadOS/Views/Editor/PeekDefinitionView.swift (in target 'VSCodeiPadOS' from project 'VSCodeiPadOS')
    cd /Users/danielswagg/PLAYGROUND/vscode-ipados/VSCodeiPadOS
    

SwiftDriverJobDiscovery normal arm64 Compiling AIAssistantView.swift (in target 'VSCodeiPadOS' from project 'VSCodeiPadOS')

SwiftCompile normal arm64 Compiling\ SplitEditorView.swift /Users/danielswagg/PLAYGROUND/vscode-ipados/VSCodeiPadOS/VSCodeiPadOS/Views/Editor/SplitEditorView.swift (in target 'VSCodeiPadOS' from project 'VSCodeiPadOS')

SwiftCompile normal arm64 /Users/danielswagg/PLAYGROUND/vscode-ipados/VSCodeiPadOS/VSCodeiPadOS/Views/Editor/SplitEditorView.swift (in target 'VSCodeiPadOS' from project 'VSCodeiPadOS')
    cd /Users/danielswagg/PLAYGROUND/vscode-ipados/VSCodeiPadOS
    

SwiftDriverJobDiscovery normal arm64 Compiling DebugConsoleView.swift (in target 'VSCodeiPadOS' from project 'VSCodeiPadOS')

SwiftCompile normal arm64 Compiling\ OutputView.swift /Users/danielswagg/PLAYGROUND/vscode-ipados/VSCodeiPadOS/VSCodeiPadOS/Views/Panels/OutputView.swift (in target 'VSCodeiPadOS' from project 'VSCodeiPadOS')

SwiftCompile normal arm64 /Users/danielswagg/PLAYGROUND/vscode-ipados/VSCodeiPadOS/VSCodeiPadOS/Views/Panels/OutputView.swift (in target 'VSCodeiPadOS' from project 'VSCodeiPadOS')
    cd /Users/danielswagg/PLAYGROUND/vscode-ipados/VSCodeiPadOS
    

SwiftDriverJobDiscovery normal arm64 Compiling LaunchConfigView.swift (in target 'VSCodeiPadOS' from project 'VSCodeiPadOS')

SwiftCompile normal arm64 Compiling\ WorkspaceSettingsView.swift /Users/danielswagg/PLAYGROUND/vscode-ipados/VSCodeiPadOS/VSCodeiPadOS/Views/WorkspaceSettingsView.swift (in target 'VSCodeiPadOS' from project 'VSCodeiPadOS')

SwiftCompile normal arm64 /Users/danielswagg/PLAYGROUND/vscode-ipados/VSCodeiPadOS/VSCodeiPadOS/Views/WorkspaceSettingsView.swift (in target 'VSCodeiPadOS' from project 'VSCodeiPadOS')
    cd /Users/danielswagg/PLAYGROUND/vscode-ipados/VSCodeiPadOS
    

SwiftDriverJobDiscovery normal arm64 Compiling PeekDefinitionView.swift (in target 'VSCodeiPadOS' from project 'VSCodeiPadOS')

SwiftDriverJobDiscovery normal arm64 Compiling SettingsView.swift (in target 'VSCodeiPadOS' from project 'VSCodeiPadOS')

SwiftDriverJobDiscovery normal arm64 Compiling CommandPalette.swift (in target 'VSCodeiPadOS' from project 'VSCodeiPadOS')

SwiftDriverJobDiscovery normal arm64 Compiling WorkspaceSettingsView.swift (in target 'VSCodeiPadOS' from project 'VSCodeiPadOS')

SwiftDriverJobDiscovery normal arm64 Compiling GoToSymbol.swift (in target 'VSCodeiPadOS' from project 'VSCodeiPadOS')

SwiftDriverJobDiscovery normal arm64 Compiling OutputView.swift (in target 'VSCodeiPadOS' from project 'VSCodeiPadOS')

SwiftDriverJobDiscovery normal arm64 Compiling ContentView.swift (in target 'VSCodeiPadOS' from project 'VSCodeiPadOS')

SwiftDriverJobDiscovery normal arm64 Compiling SplitEditorView.swift (in target 'VSCodeiPadOS' from project 'VSCodeiPadOS')

** BUILD FAILED **


The following build commands failed:
	SwiftCompile normal arm64 /Users/danielswagg/PLAYGROUND/vscode-ipados/VSCodeiPadOS/VSCodeiPadOS/Views/Panels/SearchView.swift (in target 'VSCodeiPadOS' from project 'VSCodeiPadOS')
	SwiftCompile normal arm64 Compiling\ SearchView.swift /Users/danielswagg/PLAYGROUND/vscode-ipados/VSCodeiPadOS/VSCodeiPadOS/Views/Panels/SearchView.swift (in target 'VSCodeiPadOS' from project 'VSCodeiPadOS')
	Building project VSCodeiPadOS with scheme VSCodeiPadOS
(3 failures)
