Command line invocation:
    /Applications/Xcode.app/Contents/Developer/usr/bin/xcodebuild -scheme VSCodeiPadOS -destination "platform=iOS Simulator,id=AB8E1469-F08C-4468-9CA4-A417C6443166" build

--- xcodebuild: WARNING: Using the first of multiple matching destinations:
{ platform:iOS Simulator, arch:arm64, id:AB8E1469-F08C-4468-9CA4-A417C6443166, OS:18.4, name:iPad Pro 13-inch (M4) }
{ platform:iOS Simulator, arch:x86_64, id:AB8E1469-F08C-4468-9CA4-A417C6443166, OS:18.4, name:iPad Pro 13-inch (M4) }
ComputePackagePrebuildTargetDependencyGraph

Prepare packages

CreateBuildRequest

SendProjectDescription

CreateBuildOperation

ComputeTargetDependencyGraph
note: Building targets in dependency order
note: Target dependency graph (1 target)
    Target 'VSCodeiPadOS' in project 'VSCodeiPadOS' (no dependencies)

GatherProvisioningInputs

CreateBuildDescription

ExecuteExternalTool /Applications/Xcode.app/Contents/Developer/Toolchains/XcodeDefault.xctoolchain/usr/bin/clang -v -E -dM -isysroot /Applications/Xcode.app/Contents/Developer/Platforms/iPhoneSimulator.platform/Developer/SDKs/iPhoneSimulator26.2.sdk -x c -c /dev/null

ExecuteExternalTool /Applications/Xcode.app/Contents/Developer/usr/bin/actool --print-asset-tag-combinations --output-format xml1 /Users/danielswagg/PLAYGROUND/vscode-ipados/VSCodeiPadOS/VSCodeiPadOS/Assets.xcassets

ExecuteExternalTool /Applications/Xcode.app/Contents/Developer/usr/bin/actool --version --output-format xml1

ExecuteExternalTool /Applications/Xcode.app/Contents/Developer/Toolchains/XcodeDefault.xctoolchain/usr/bin/swiftc --version

ExecuteExternalTool /Applications/Xcode.app/Contents/Developer/Toolchains/XcodeDefault.xctoolchain/usr/bin/ld -version_details

Build description signature: a629716b8bf672c97e8b938cf8299465
Build description path: /Users/danielswagg/Library/Developer/Xcode/DerivedData/VSCodeiPadOS-glroxkvivluzfgakbxxynkqxddup/Build/Intermediates.noindex/XCBuildData/a629716b8bf672c97e8b938cf8299465.xcbuilddata
ClangStatCache /Applications/Xcode.app/Contents/Developer/Toolchains/XcodeDefault.xctoolchain/usr/bin/clang-stat-cache /Applications/Xcode.app/Contents/Developer/Platforms/iPhoneSimulator.platform/Developer/SDKs/iPhoneSimulator26.2.sdk /Users/danielswagg/Library/Developer/Xcode/DerivedData/SDKStatCaches.noindex/iphonesimulator26.2-23C53-3885c01c3e6b6a337905948deab2002e7d00a8b37fbd7999ea79df8ebc024bf0.sdkstatcache
    cd /Users/danielswagg/PLAYGROUND/vscode-ipados/VSCodeiPadOS/VSCodeiPadOS.xcodeproj
    /Applications/Xcode.app/Contents/Developer/Toolchains/XcodeDefault.xctoolchain/usr/bin/clang-stat-cache /Applications/Xcode.app/Contents/Developer/Platforms/iPhoneSimulator.platform/Developer/SDKs/iPhoneSimulator26.2.sdk -o /Users/danielswagg/Library/Developer/Xcode/DerivedData/SDKStatCaches.noindex/iphonesimulator26.2-23C53-3885c01c3e6b6a337905948deab2002e7d00a8b37fbd7999ea79df8ebc024bf0.sdkstatcache

ProcessProductPackaging "" /Users/danielswagg/Library/Developer/Xcode/DerivedData/VSCodeiPadOS-glroxkvivluzfgakbxxynkqxddup/Build/Intermediates.noindex/VSCodeiPadOS.build/Debug-iphonesimulator/VSCodeiPadOS.build/VSCodeiPadOS.app-Simulated.xcent (in target 'VSCodeiPadOS' from project 'VSCodeiPadOS')
    cd /Users/danielswagg/PLAYGROUND/vscode-ipados/VSCodeiPadOS
    
    Entitlements:
    
    {
    "application-identifier" = "LAB993Y8WK.com.vscodeipad.VSCodeiPadOS";
}
    
    builtin-productPackagingUtility -entitlements -format xml -o /Users/danielswagg/Library/Developer/Xcode/DerivedData/VSCodeiPadOS-glroxkvivluzfgakbxxynkqxddup/Build/Intermediates.noindex/VSCodeiPadOS.build/Debug-iphonesimulator/VSCodeiPadOS.build/VSCodeiPadOS.app-Simulated.xcent

ProcessProductPackagingDER /Users/danielswagg/Library/Developer/Xcode/DerivedData/VSCodeiPadOS-glroxkvivluzfgakbxxynkqxddup/Build/Intermediates.noindex/VSCodeiPadOS.build/Debug-iphonesimulator/VSCodeiPadOS.build/VSCodeiPadOS.app-Simulated.xcent /Users/danielswagg/Library/Developer/Xcode/DerivedData/VSCodeiPadOS-glroxkvivluzfgakbxxynkqxddup/Build/Intermediates.noindex/VSCodeiPadOS.build/Debug-iphonesimulator/VSCodeiPadOS.build/VSCodeiPadOS.app-Simulated.xcent.der (in target 'VSCodeiPadOS' from project 'VSCodeiPadOS')
    cd /Users/danielswagg/PLAYGROUND/vscode-ipados/VSCodeiPadOS
    /usr/bin/derq query -f xml -i /Users/danielswagg/Library/Developer/Xcode/DerivedData/VSCodeiPadOS-glroxkvivluzfgakbxxynkqxddup/Build/Intermediates.noindex/VSCodeiPadOS.build/Debug-iphonesimulator/VSCodeiPadOS.build/VSCodeiPadOS.app-Simulated.xcent -o /Users/danielswagg/Library/Developer/Xcode/DerivedData/VSCodeiPadOS-glroxkvivluzfgakbxxynkqxddup/Build/Intermediates.noindex/VSCodeiPadOS.build/Debug-iphonesimulator/VSCodeiPadOS.build/VSCodeiPadOS.app-Simulated.xcent.der --raw

ProcessInfoPlistFile /Users/danielswagg/Library/Developer/Xcode/DerivedData/VSCodeiPadOS-glroxkvivluzfgakbxxynkqxddup/Build/Products/Debug-iphonesimulator/VSCodeiPadOS.app/Info.plist /Users/danielswagg/PLAYGROUND/vscode-ipados/VSCodeiPadOS/VSCodeiPadOS/Info.plist (in target 'VSCodeiPadOS' from project 'VSCodeiPadOS')
    cd /Users/danielswagg/PLAYGROUND/vscode-ipados/VSCodeiPadOS
    builtin-infoPlistUtility /Users/danielswagg/PLAYGROUND/vscode-ipados/VSCodeiPadOS/VSCodeiPadOS/Info.plist -producttype com.apple.product-type.application -genpkginfo /Users/danielswagg/Library/Developer/Xcode/DerivedData/VSCodeiPadOS-glroxkvivluzfgakbxxynkqxddup/Build/Products/Debug-iphonesimulator/VSCodeiPadOS.app/PkgInfo -expandbuildsettings -format binary -platform iphonesimulator -additionalcontentfile /Users/danielswagg/Library/Developer/Xcode/DerivedData/VSCodeiPadOS-glroxkvivluzfgakbxxynkqxddup/Build/Intermediates.noindex/VSCodeiPadOS.build/Debug-iphonesimulator/VSCodeiPadOS.build/assetcatalog_generated_info.plist -o /Users/danielswagg/Library/Developer/Xcode/DerivedData/VSCodeiPadOS-glroxkvivluzfgakbxxynkqxddup/Build/Products/Debug-iphonesimulator/VSCodeiPadOS.app/Info.plist

SwiftDriver VSCodeiPadOS normal arm64 com.apple.xcode.tools.swift.compiler (in target 'VSCodeiPadOS' from project 'VSCodeiPadOS')
    cd /Users/danielswagg/PLAYGROUND/vscode-ipados/VSCodeiPadOS
    builtin-SwiftDriver -- /Applications/Xcode.app/Contents/Developer/Toolchains/XcodeDefault.xctoolchain/usr/bin/swiftc -module-name VSCodeiPadOS -Onone -enforce-exclusivity\=checked @/Users/danielswagg/Library/Developer/Xcode/DerivedData/VSCodeiPadOS-glroxkvivluzfgakbxxynkqxddup/Build/Intermediates.noindex/VSCodeiPadOS.build/Debug-iphonesimulator/VSCodeiPadOS.build/Objects-normal/arm64/VSCodeiPadOS.SwiftFileList -DDEBUG -enable-bare-slash-regex -enable-experimental-feature DebugDescriptionMacro -sdk /Applications/Xcode.app/Contents/Developer/Platforms/iPhoneSimulator.platform/Developer/SDKs/iPhoneSimulator26.2.sdk -target arm64-apple-ios15.0-simulator -g -module-cache-path /Users/danielswagg/Library/Developer/Xcode/DerivedData/ModuleCache.noindex -Xfrontend -serialize-debugging-options -enable-testing -index-store-path /Users/danielswagg/Library/Developer/Xcode/DerivedData/VSCodeiPadOS-glroxkvivluzfgakbxxynkqxddup/Index.noindex/DataStore -Xcc -D_LIBCPP_HARDENING_MODE\=_LIBCPP_HARDENING_MODE_DEBUG -swift-version 5 -I /Users/danielswagg/Library/Developer/Xcode/DerivedData/VSCodeiPadOS-glroxkvivluzfgakbxxynkqxddup/Build/Products/Debug-iphonesimulator -F /Users/danielswagg/Library/Developer/Xcode/DerivedData/VSCodeiPadOS-glroxkvivluzfgakbxxynkqxddup/Build/Products/Debug-iphonesimulator -emit-localized-strings -emit-localized-strings-path /Users/danielswagg/Library/Developer/Xcode/DerivedData/VSCodeiPadOS-glroxkvivluzfgakbxxynkqxddup/Build/Intermediates.noindex/VSCodeiPadOS.build/Debug-iphonesimulator/VSCodeiPadOS.build/Objects-normal/arm64 -c -j10 -enable-batch-mode -incremental -Xcc -ivfsstatcache -Xcc /Users/danielswagg/Library/Developer/Xcode/DerivedData/SDKStatCaches.noindex/iphonesimulator26.2-23C53-3885c01c3e6b6a337905948deab2002e7d00a8b37fbd7999ea79df8ebc024bf0.sdkstatcache -output-file-map /Users/danielswagg/Library/Developer/Xcode/DerivedData/VSCodeiPadOS-glroxkvivluzfgakbxxynkqxddup/Build/Intermediates.noindex/VSCodeiPadOS.build/Debug-iphonesimulator/VSCodeiPadOS.build/Objects-normal/arm64/VSCodeiPadOS-OutputFileMap.json -use-frontend-parseable-output -save-temps -no-color-diagnostics -explicit-module-build -module-cache-path /Users/danielswagg/Library/Developer/Xcode/DerivedData/VSCodeiPadOS-glroxkvivluzfgakbxxynkqxddup/Build/Intermediates.noindex/SwiftExplicitPrecompiledModules -clang-scanner-module-cache-path /Users/danielswagg/Library/Developer/Xcode/DerivedData/ModuleCache.noindex -sdk-module-cache-path /Users/danielswagg/Library/Developer/Xcode/DerivedData/ModuleCache.noindex -serialize-diagnostics -emit-dependencies -emit-module -emit-module-path /Users/danielswagg/Library/Developer/Xcode/DerivedData/VSCodeiPadOS-glroxkvivluzfgakbxxynkqxddup/Build/Intermediates.noindex/VSCodeiPadOS.build/Debug-iphonesimulator/VSCodeiPadOS.build/Objects-normal/arm64/VSCodeiPadOS.swiftmodule -validate-clang-modules-once -clang-build-session-file /Users/danielswagg/Library/Developer/Xcode/DerivedData/ModuleCache.noindex/Session.modulevalidation -Xcc -I/Users/danielswagg/Library/Developer/Xcode/DerivedData/VSCodeiPadOS-glroxkvivluzfgakbxxynkqxddup/Build/Intermediates.noindex/VSCodeiPadOS.build/Debug-iphonesimulator/VSCodeiPadOS.build/swift-overrides.hmap -emit-const-values -Xfrontend -const-gather-protocols-file -Xfrontend /Users/danielswagg/Library/Developer/Xcode/DerivedData/VSCodeiPadOS-glroxkvivluzfgakbxxynkqxddup/Build/Intermediates.noindex/VSCodeiPadOS.build/Debug-iphonesimulator/VSCodeiPadOS.build/Objects-normal/arm64/VSCodeiPadOS_const_extract_protocols.json -Xcc -iquote -Xcc /Users/danielswagg/Library/Developer/Xcode/DerivedData/VSCodeiPadOS-glroxkvivluzfgakbxxynkqxddup/Build/Intermediates.noindex/VSCodeiPadOS.build/Debug-iphonesimulator/VSCodeiPadOS.build/VSCodeiPadOS-generated-files.hmap -Xcc -I/Users/danielswagg/Library/Developer/Xcode/DerivedData/VSCodeiPadOS-glroxkvivluzfgakbxxynkqxddup/Build/Intermediates.noindex/VSCodeiPadOS.build/Debug-iphonesimulator/VSCodeiPadOS.build/VSCodeiPadOS-own-target-headers.hmap -Xcc -I/Users/danielswagg/Library/Developer/Xcode/DerivedData/VSCodeiPadOS-glroxkvivluzfgakbxxynkqxddup/Build/Intermediates.noindex/VSCodeiPadOS.build/Debug-iphonesimulator/VSCodeiPadOS.build/VSCodeiPadOS-all-target-headers.hmap -Xcc -iquote -Xcc /Users/danielswagg/Library/Developer/Xcode/DerivedData/VSCodeiPadOS-glroxkvivluzfgakbxxynkqxddup/Build/Intermediates.noindex/VSCodeiPadOS.build/Debug-iphonesimulator/VSCodeiPadOS.build/VSCodeiPadOS-project-headers.hmap -Xcc -I/Users/danielswagg/Library/Developer/Xcode/DerivedData/VSCodeiPadOS-glroxkvivluzfgakbxxynkqxddup/Build/Products/Debug-iphonesimulator/include -Xcc -I/Users/danielswagg/Library/Developer/Xcode/DerivedData/VSCodeiPadOS-glroxkvivluzfgakbxxynkqxddup/Build/Intermediates.noindex/VSCodeiPadOS.build/Debug-iphonesimulator/VSCodeiPadOS.build/DerivedSources-normal/arm64 -Xcc -I/Users/danielswagg/Library/Developer/Xcode/DerivedData/VSCodeiPadOS-glroxkvivluzfgakbxxynkqxddup/Build/Intermediates.noindex/VSCodeiPadOS.build/Debug-iphonesimulator/VSCodeiPadOS.build/DerivedSources/arm64 -Xcc -I/Users/danielswagg/Library/Developer/Xcode/DerivedData/VSCodeiPadOS-glroxkvivluzfgakbxxynkqxddup/Build/Intermediates.noindex/VSCodeiPadOS.build/Debug-iphonesimulator/VSCodeiPadOS.build/DerivedSources -Xcc -DDEBUG\=1 -emit-objc-header -emit-objc-header-path /Users/danielswagg/Library/Developer/Xcode/DerivedData/VSCodeiPadOS-glroxkvivluzfgakbxxynkqxddup/Build/Intermediates.noindex/VSCodeiPadOS.build/Debug-iphonesimulator/VSCodeiPadOS.build/Objects-normal/arm64/VSCodeiPadOS-Swift.h -working-directory /Users/danielswagg/PLAYGROUND/vscode-ipados/VSCodeiPadOS -experimental-emit-module-separately -disable-cmo
/Users/danielswagg/PLAYGROUND/vscode-ipados/VSCodeiPadOS/VSCodeiPadOS/Services/CodeFoldingManager.swift:16:14: error: keyword 'extension' cannot be used as an identifier here
        case extension
             ^
/Users/danielswagg/PLAYGROUND/vscode-ipados/VSCodeiPadOS/VSCodeiPadOS/Services/CodeFoldingManager.swift:16:14: note: if this name is unavoidable, use backticks to escape it
        case extension
             ^~~~~~~~~
             `extension`
/Users/danielswagg/PLAYGROUND/vscode-ipados/VSCodeiPadOS/VSCodeiPadOS/Views/Panels/SearchView.swift:1375:77: error: expected expression path in Swift key path
                                ForEach(availableExtensions.prefix(6), id: \\.self) { ext in
                                                                            ^
/Users/danielswagg/PLAYGROUND/vscode-ipados/VSCodeiPadOS/VSCodeiPadOS/Services/SearchManager.swift:895:8: error: Unable to find module dependency: 'XCTest'
import XCTest
       ^
/Users/danielswagg/PLAYGROUND/vscode-ipados/VSCodeiPadOS/VSCodeiPadOS/Services/SearchManager.swift:895:8: note: a dependency of main module 'VSCodeiPadOS'
import XCTest
       ^
/Users/danielswagg/PLAYGROUND/vscode-ipados/VSCodeiPadOS/VSCodeiPadOS/Services/CodeFoldingManager.swift:16:14: error: Keyword 'extension' cannot be used as an identifier here
        case extension
             ^ (in target 'VSCodeiPadOS' from project 'VSCodeiPadOS')
/Users/danielswagg/PLAYGROUND/vscode-ipados/VSCodeiPadOS/VSCodeiPadOS/Services/CodeFoldingManager.swift:16:14: note: If this name is unavoidable, use backticks to escape it
        case extension
             ^~~~~~~~~
             `extension` (in target 'VSCodeiPadOS' from project 'VSCodeiPadOS')
/Users/danielswagg/PLAYGROUND/vscode-ipados/VSCodeiPadOS/VSCodeiPadOS/Views/Panels/SearchView.swift:1375:77: error: Expected expression path in Swift key path
                                ForEach(availableExtensions.prefix(6), id: \\.self) { ext in
                                                                            ^ (in target 'VSCodeiPadOS' from project 'VSCodeiPadOS')
/Users/danielswagg/PLAYGROUND/vscode-ipados/VSCodeiPadOS/VSCodeiPadOS/Services/SearchManager.swift:895:8: error: Unable to find module dependency: 'XCTest'
import XCTest
       ^ (in target 'VSCodeiPadOS' from project 'VSCodeiPadOS')
/Users/danielswagg/PLAYGROUND/vscode-ipados/VSCodeiPadOS/VSCodeiPadOS/Services/SearchManager.swift:895:8: note: A dependency of main module 'VSCodeiPadOS'
import XCTest
       ^ (in target 'VSCodeiPadOS' from project 'VSCodeiPadOS')

** BUILD FAILED **


The following build commands failed:
	SwiftDriver VSCodeiPadOS normal arm64 com.apple.xcode.tools.swift.compiler (in target 'VSCodeiPadOS' from project 'VSCodeiPadOS')
	Building project VSCodeiPadOS with scheme VSCodeiPadOS
(2 failures)
